<?xml version="1.0" encoding="UTF-8"?>
<!-- Generated by org.testng.reporters.JUnitXMLReporter -->
<testsuite ignored="0" hostname="DESKTOP-N2LH6CI" failures="0" tests="7" name="Standalone Tests" time="128.967" errors="0" timestamp="2022-07-23T22:22:00 AEST">
  <testcase classname="testcases.AccordionPageFunctionTest" name="validateAccordions" time="4.96"/>
  <testcase classname="testcases.ContactFormPageTest" name="validateContactUsForm" time="3.353"/>
  <testcase classname="testcases.SignInTestUsingExcelFile" name="validateSignInPage" time="19.265"/>
  <testcase classname="testcases.SignInTestUsingExcelFile" name="validateSignInPage" time="32.932"/>
  <testcase classname="testcases.SignInTestUsingExcelFile" name="validateSignInPage" time="35.137"/>
  <testcase classname="testcases.SignInTestUsingHashMapDataProvider" name="validateSignInPage" time="25.567"/>
  <testcase classname="testcases.UpLoadPageTest" name="validateUpLoadPage" time="11.23"/>
</testsuite> <!-- Standalone Tests -->
