<?xml version="1.0" encoding="UTF-8"?>
<!-- Generated by org.testng.reporters.JUnitXMLReporter -->
<testsuite ignored="0" hostname="DESKTOP-N2LH6CI" failures="0" tests="7" name="Standalone Tests" time="79.629" errors="0" timestamp="2022-07-24T00:14:58 AEST">
  <testcase classname="testcases.AccordionPageFunctionTest" name="validateAccordions" time="4.457"/>
  <testcase classname="testcases.ContactFormPageTest" name="validateContactUsForm" time="3.413"/>
  <testcase classname="testcases.SignInTestUsingExcelFile" name="validateSignInPage" time="11.61"/>
  <testcase classname="testcases.SignInTestUsingExcelFile" name="validateSignInPage" time="11.408"/>
  <testcase classname="testcases.SignInTestUsingExcelFile" name="validateSignInPage" time="12.368"/>
  <testcase classname="testcases.SignInTestUsingHashMapDataProvider" name="validateSignInPage" time="12.307"/>
  <testcase classname="testcases.UpLoadPageTest" name="validateUpLoadPage" time="8.971"/>
</testsuite> <!-- Standalone Tests -->
