<?xml version="1.0" encoding="UTF-8"?>
<testng-results ignored="0" total="7" passed="7" failed="0" skipped="0">
  <reporter-output>
  </reporter-output>
  <suite started-at="2022-07-24T00:01:28 AEST" name="Parallel Testing Suite" finished-at="2022-07-24T00:02:49 AEST" duration-ms="81777">
    <groups>
      <group name="REGRESSION">
        <method signature="AccordionPageFunctionTest.validateAccordions()[pri:0, instance:testcases.AccordionPageFunctionTest@17bffc17]" name="validateAccordions" class="testcases.AccordionPageFunctionTest"/>
      </group> <!-- REGRESSION -->
      <group name="SANITY">
        <method signature="AccordionPageFunctionTest.validateAccordions()[pri:0, instance:testcases.AccordionPageFunctionTest@17bffc17]" name="validateAccordions" class="testcases.AccordionPageFunctionTest"/>
      </group> <!-- SANITY -->
      <group name="SMOKE">
        <method signature="AccordionPageFunctionTest.validateAccordions()[pri:0, instance:testcases.AccordionPageFunctionTest@17bffc17]" name="validateAccordions" class="testcases.AccordionPageFunctionTest"/>
      </group> <!-- SMOKE -->
    </groups>
    <test started-at="2022-07-24T00:01:28 AEST" name="Standalone Tests" finished-at="2022-07-24T00:02:49 AEST" duration-ms="81777">
      <class name="testcases.UpLoadPageTest">
        <test-method is-config="true" signature="launchBrowser()[pri:0, instance:testcases.UpLoadPageTest@16150369]" started-at="2022-07-24T00:02:34 AEST" name="launchBrowser" finished-at="2022-07-24T00:02:41 AEST" duration-ms="6297" status="PASS">
          <reporter-output>
          </reporter-output>
        </test-method> <!-- launchBrowser -->
        <test-method signature="validateUpLoadPage()[pri:0, instance:testcases.UpLoadPageTest@16150369]" started-at="2022-07-24T00:02:41 AEST" name="validateUpLoadPage" finished-at="2022-07-24T00:02:49 AEST" duration-ms="8407" status="PASS">
          <reporter-output>
          </reporter-output>
        </test-method> <!-- validateUpLoadPage -->
        <test-method is-config="true" signature="tearDown()[pri:0, instance:testcases.UpLoadPageTest@16150369]" started-at="2022-07-24T00:02:49 AEST" name="tearDown" finished-at="2022-07-24T00:02:49 AEST" duration-ms="295" status="PASS">
          <reporter-output>
          </reporter-output>
        </test-method> <!-- tearDown -->
      </class> <!-- testcases.UpLoadPageTest -->
      <class name="testcases.ContactFormPageTest">
        <test-method is-config="true" signature="launchBrowser()[pri:0, instance:testcases.ContactFormPageTest@97e93f1]" started-at="2022-07-24T00:01:41 AEST" name="launchBrowser" finished-at="2022-07-24T00:01:48 AEST" duration-ms="7340" status="PASS">
          <reporter-output>
          </reporter-output>
        </test-method> <!-- launchBrowser -->
        <test-method signature="validateContactUsForm(java.util.HashMap)[pri:0, instance:testcases.ContactFormPageTest@97e93f1]" started-at="2022-07-24T00:01:48 AEST" name="validateContactUsForm" description="Validating Contact Us Form" data-provider="dataProvider2" finished-at="2022-07-24T00:01:51 AEST" duration-ms="3304" status="PASS">
          <params>
            <param index="0">
              <value>
                <![CDATA[{First Name=Nireekshan, Last Name=Sodavaram, Email=n.kumar9@outlook.com, Comments=This is first time using yaml file}]]>
              </value>
            </param>
          </params>
          <reporter-output>
          </reporter-output>
        </test-method> <!-- validateContactUsForm -->
        <test-method is-config="true" signature="tearDown()[pri:0, instance:testcases.ContactFormPageTest@97e93f1]" started-at="2022-07-24T00:01:51 AEST" name="tearDown" finished-at="2022-07-24T00:01:52 AEST" duration-ms="311" status="PASS">
          <reporter-output>
          </reporter-output>
        </test-method> <!-- tearDown -->
      </class> <!-- testcases.ContactFormPageTest -->
      <class name="testcases.AccordionPageFunctionTest">
        <test-method is-config="true" signature="launchBrowser()[pri:0, instance:testcases.AccordionPageFunctionTest@17bffc17]" started-at="2022-07-24T00:01:28 AEST" name="launchBrowser" finished-at="2022-07-24T00:01:36 AEST" duration-ms="7985" status="PASS">
          <reporter-output>
          </reporter-output>
        </test-method> <!-- launchBrowser -->
        <test-method signature="validateAccordions()[pri:0, instance:testcases.AccordionPageFunctionTest@17bffc17]" started-at="2022-07-24T00:01:36 AEST" name="validateAccordions" finished-at="2022-07-24T00:01:40 AEST" duration-ms="3963" status="PASS">
          <reporter-output>
          </reporter-output>
        </test-method> <!-- validateAccordions -->
        <test-method is-config="true" signature="tearDown()[pri:0, instance:testcases.AccordionPageFunctionTest@17bffc17]" started-at="2022-07-24T00:01:40 AEST" name="tearDown" finished-at="2022-07-24T00:01:41 AEST" duration-ms="609" status="PASS">
          <reporter-output>
          </reporter-output>
        </test-method> <!-- tearDown -->
      </class> <!-- testcases.AccordionPageFunctionTest -->
      <class name="testcases.SignInTestUsingExcelFile">
        <test-method is-config="true" signature="launchBrowser()[pri:0, instance:testcases.SignInTestUsingExcelFile@5a5a729f]" started-at="2022-07-24T00:01:53 AEST" name="launchBrowser" finished-at="2022-07-24T00:02:01 AEST" duration-ms="7143" status="PASS">
          <reporter-output>
          </reporter-output>
        </test-method> <!-- launchBrowser -->
        <test-method is-config="true" signature="launchBrowser()[pri:0, instance:testcases.SignInTestUsingExcelFile@5a5a729f]" started-at="2022-07-24T00:01:53 AEST" name="launchBrowser" finished-at="2022-07-24T00:02:01 AEST" duration-ms="7144" status="PASS">
          <reporter-output>
          </reporter-output>
        </test-method> <!-- launchBrowser -->
        <test-method is-config="true" signature="launchBrowser()[pri:0, instance:testcases.SignInTestUsingExcelFile@5a5a729f]" started-at="2022-07-24T00:01:53 AEST" name="launchBrowser" finished-at="2022-07-24T00:02:01 AEST" duration-ms="7146" status="PASS">
          <reporter-output>
          </reporter-output>
        </test-method> <!-- launchBrowser -->
        <test-method signature="validateSignInPage(java.lang.String,java.lang.String)[pri:0, instance:testcases.SignInTestUsingExcelFile@5a5a729f]" started-at="2022-07-24T00:02:01 AEST" name="validateSignInPage" description="SignInTest" data-provider="getTestData" finished-at="2022-07-24T00:02:14 AEST" duration-ms="13699" status="PASS">
          <params>
            <param index="0">
              <value>
                <![CDATA[sara91@hotmail.com]]>
              </value>
            </param>
            <param index="1">
              <value>
                <![CDATA[Analesenik2023#]]>
              </value>
            </param>
          </params>
          <reporter-output>
          </reporter-output>
        </test-method> <!-- validateSignInPage -->
        <test-method signature="validateSignInPage(java.lang.String,java.lang.String)[pri:0, instance:testcases.SignInTestUsingExcelFile@5a5a729f]" started-at="2022-07-24T00:02:01 AEST" name="validateSignInPage" description="SignInTest" data-provider="getTestData" finished-at="2022-07-24T00:02:14 AEST" duration-ms="13713" status="PASS">
          <params>
            <param index="0">
              <value>
                <![CDATA[n.kumar9@outlook.com]]>
              </value>
            </param>
            <param index="1">
              <value>
                <![CDATA[AaronCaleb2021#]]>
              </value>
            </param>
          </params>
          <reporter-output>
          </reporter-output>
        </test-method> <!-- validateSignInPage -->
        <test-method signature="validateSignInPage(java.lang.String,java.lang.String)[pri:0, instance:testcases.SignInTestUsingExcelFile@5a5a729f]" started-at="2022-07-24T00:02:01 AEST" name="validateSignInPage" description="SignInTest" data-provider="getTestData" finished-at="2022-07-24T00:02:15 AEST" duration-ms="14395" status="PASS">
          <params>
            <param index="0">
              <value>
                <![CDATA[n.kumar9@outlook.com]]>
              </value>
            </param>
            <param index="1">
              <value>
                <![CDATA[Ilovemymom23#]]>
              </value>
            </param>
          </params>
          <reporter-output>
          </reporter-output>
        </test-method> <!-- validateSignInPage -->
        <test-method is-config="true" signature="tearDown()[pri:0, instance:testcases.SignInTestUsingExcelFile@5a5a729f]" started-at="2022-07-24T00:02:14 AEST" name="tearDown" finished-at="2022-07-24T00:02:14 AEST" duration-ms="226" status="PASS">
          <reporter-output>
          </reporter-output>
        </test-method> <!-- tearDown -->
        <test-method is-config="true" signature="tearDown()[pri:0, instance:testcases.SignInTestUsingExcelFile@5a5a729f]" started-at="2022-07-24T00:02:14 AEST" name="tearDown" finished-at="2022-07-24T00:02:14 AEST" duration-ms="207" status="PASS">
          <reporter-output>
          </reporter-output>
        </test-method> <!-- tearDown -->
        <test-method is-config="true" signature="tearDown()[pri:0, instance:testcases.SignInTestUsingExcelFile@5a5a729f]" started-at="2022-07-24T00:02:15 AEST" name="tearDown" finished-at="2022-07-24T00:02:15 AEST" duration-ms="129" status="PASS">
          <reporter-output>
          </reporter-output>
        </test-method> <!-- tearDown -->
      </class> <!-- testcases.SignInTestUsingExcelFile -->
      <class name="testcases.SignInTestUsingHashMapDataProvider">
        <test-method is-config="true" signature="launchBrowser()[pri:0, instance:testcases.SignInTestUsingHashMapDataProvider@4b520ea8]" started-at="2022-07-24T00:02:15 AEST" name="launchBrowser" finished-at="2022-07-24T00:02:22 AEST" duration-ms="6817" status="PASS">
          <reporter-output>
          </reporter-output>
        </test-method> <!-- launchBrowser -->
        <test-method signature="validateSignInPage(java.util.HashMap)[pri:0, instance:testcases.SignInTestUsingHashMapDataProvider@4b520ea8]" started-at="2022-07-24T00:02:22 AEST" name="validateSignInPage" data-provider="testData" finished-at="2022-07-24T00:02:34 AEST" duration-ms="12424" status="PASS">
          <params>
            <param index="0">
              <value>
                <![CDATA[{password=Ilovemymom23#, username=n.kumar9@outlook.com}]]>
              </value>
            </param>
          </params>
          <reporter-output>
          </reporter-output>
        </test-method> <!-- validateSignInPage -->
        <test-method is-config="true" signature="tearDown()[pri:0, instance:testcases.SignInTestUsingHashMapDataProvider@4b520ea8]" started-at="2022-07-24T00:02:34 AEST" name="tearDown" finished-at="2022-07-24T00:02:34 AEST" duration-ms="175" status="PASS">
          <reporter-output>
          </reporter-output>
        </test-method> <!-- tearDown -->
      </class> <!-- testcases.SignInTestUsingHashMapDataProvider -->
    </test> <!-- Standalone Tests -->
  </suite> <!-- Parallel Testing Suite -->
</testng-results>
